#
# A fatal error has been detected by the Java Runtime Environment:
#
#  EXCEPTION_ACCESS_VIOLATION (0xc0000005) at pc=0x00007ff87e75800c, pid=28188, tid=11516
#
# JRE version: OpenJDK Runtime Environment (15.0.2+7) (build 15.0.2+7-27)
# Java VM: OpenJDK 64-Bit Server VM (15.0.2+7-27, mixed mode, sharing, tiered, compressed oops, g1 gc, windows-amd64)
# Problematic frame:
# V  [jvm.dll+0x6a800c]
#
# No core dump will be written. Minidumps are not enabled by default on client versions of Windows
#
# If you would like to submit a bug report, please visit:
#   https://bugreport.java.com/bugreport/crash.jsp
#

---------------  S U M M A R Y ------------

Command Line: -XX:+ShowCodeDetailsInExceptionMessages -agentlib:jdwp=transport=dt_socket,suspend=y,address=localhost:64360 -javaagent:C:\Users\ahin9\.eclipse\org.eclipse.platform_4.18.0_1709980481_win32_win32_x86_64\configuration\org.eclipse.osgi\405\0\.cp\lib\javaagent-shaded.jar -Dfile.encoding=UTF-8 kr.ac.sejong.lecture.database.assignment45.App

Host: Intel(R) Core(TM) i5-8265U CPU @ 1.60GHz, 8 cores, 7G,  Windows 10 , 64 bit Build 19041 (10.0.19041.928)
Time: Sun May 30 21:31:35 2021 대한민국 표준시 elapsed time: 35492.979110 seconds (0d 9h 51m 32s)

---------------  T H R E A D  ---------------

Current thread (0x0000018ec3754dc0):  JavaThread "JDWP Transport Listener: dt_socket" daemon [_thread_in_vm, id=11516, stack(0x0000002da7800000,0x0000002da7900000)] _threads_hazard_ptr=0x0000018ec37f7c90

Stack: [0x0000002da7800000,0x0000002da7900000],  sp=0x0000002da78fe410,  free space=1017k
Native frames: (J=compiled Java code, j=interpreted, Vv=VM code, C=native code)
V  [jvm.dll+0x6a800c]
V  [jvm.dll+0x2fff3f]
V  [jvm.dll+0x302055]
V  [jvm.dll+0x3026ce]
V  [jvm.dll+0x2ffd7f]
V  [jvm.dll+0x2ff02a]
V  [jvm.dll+0x619ec0]
V  [jvm.dll+0x619ba3]
V  [jvm.dll+0x5df278]
V  [jvm.dll+0x77876f]
V  [jvm.dll+0x4f02e1]
V  [jvm.dll+0x7882b5]
V  [jvm.dll+0x4d40ea]
V  [jvm.dll+0x49526b]
C  [jdwp.dll+0x7f79]


siginfo: EXCEPTION_ACCESS_VIOLATION (0xc0000005), reading address 0x0000000000000004


Register to memory mapping:

RIP=0x00007ff87e75800c jvm.dll
RAX=0x0 is NULL
RBX=0x0 is NULL
RCX=0x0000002da78fe430 is pointing into the stack for thread: 0x0000018ec3754dc0
RDX=0x0 is NULL
RSP=0x0000002da78fe410 is pointing into the stack for thread: 0x0000018ec3754dc0
RBP=0x0000002da78fe570 is pointing into the stack for thread: 0x0000018ec3754dc0
RSI=0x0 is NULL
RDI=0x0000002da78feb80 is pointing into the stack for thread: 0x0000018ec3754dc0
R8 =0x0 is NULL
R9 =0x0000018ec30a8480 is pointing into metadata
R10=0x0 is NULL
R11=0x0 is NULL
R12=0x00007ff87e0b0000 jvm.dll
R13=0x0000018ec3548180 points into unknown readable memory: 0x000000b000000000 | 00 00 00 00 b0 00 00 00
R14=0x0000002da78fe4a0 is pointing into the stack for thread: 0x0000018ec3754dc0
R15=0x0000000000000120 is an unknown value


Registers:
RAX=0x0000000000000000, RBX=0x0000000000000000, RCX=0x0000002da78fe430, RDX=0x0000000000000000
RSP=0x0000002da78fe410, RBP=0x0000002da78fe570, RSI=0x0000000000000000, RDI=0x0000002da78feb80
R8 =0x0000000000000000, R9 =0x0000018ec30a8480, R10=0x0000000000000000, R11=0x0000000000000000
R12=0x00007ff87e0b0000, R13=0x0000018ec3548180, R14=0x0000002da78fe4a0, R15=0x0000000000000120
RIP=0x00007ff87e75800c, EFLAGS=0x0000000000010246

Top of Stack: (sp=0x0000002da78fe410)
0x0000002da78fe410:   0000000000000000 0000000000000000
0x0000002da78fe420:   0000002da78feb80 0000000000000000
0x0000002da78fe430:   0000000000000000 00007ff87e2be9be
0x0000002da78fe440:   0000000000000001 0000000000000000
0x0000002da78fe450:   00000008004000a0 0000000000000000
0x0000002da78fe460:   0000018ec30a8cc0 00007ff87e3aff3f
0x0000002da78fe470:   0000000000000000 0000000000000000
0x0000002da78fe480:   0000000000000000 0000000000000000
0x0000002da78fe490:   0000000000000000 0000000000000000
0x0000002da78fe4a0:   0000000000000000 0000000000000063
0x0000002da78fe4b0:   0000000000000000 0000002da78fe4f8
0x0000002da78fe4c0:   0000000000000000 0000000800405e30
0x0000002da78fe4d0:   0000001500000014 0000000000000015
0x0000002da78fe4e0:   0000000300000004 00000008004000a0
0x0000002da78fe4f0:   0000000000000000 000000002fffffff
0x0000002da78fe500:   0000000000000000 0000000000000000 

Instructions: (pc=0x00007ff87e75800c)
0x00007ff87e757f0c:   47 1c 03 00 00 00 44 89 47 0c 44 89 47 08 44 3b
0x00007ff87e757f1c:   c3 7c 17 c7 47 1c ff ff ff ff 48 8b 5c 24 30 48
0x00007ff87e757f2c:   8b 74 24 38 48 83 c4 20 5f c3 0f be 4c 30 07 e8
0x00007ff87e757f3c:   e0 fb ff ff 48 83 c6 06 89 47 18 83 e8 0c 74 50
0x00007ff87e757f4c:   83 f8 01 75 34 49 63 c0 48 3b c3 7d 18 0f 1f 80
0x00007ff87e757f5c:   00 00 00 00 80 3c 30 5b 75 0b 41 ff c0 48 ff c0
0x00007ff87e757f6c:   48 3b c3 7c ef 49 63 c8 41 8b c0 2b 47 0c 48 03
0x00007ff87e757f7c:   ce 89 47 14 80 39 4c 74 1d 41 8d 58 01 89 5f 0c
0x00007ff87e757f8c:   48 8b 5c 24 30 48 8b 74 24 38 48 83 c4 20 5f c3
0x00007ff87e757f9c:   49 63 c8 48 03 ce 8b c3 ba 3b 00 00 00 41 2b c0
0x00007ff87e757fac:   4c 63 c0 e8 cc 1d 13 00 48 85 c0 74 06 8b d8 2b
0x00007ff87e757fbc:   de ff c3 48 8b 74 24 38 89 5f 0c 48 8b 5c 24 30
0x00007ff87e757fcc:   48 83 c4 20 5f c3 cc cc cc cc cc cc cc cc cc cc
0x00007ff87e757fdc:   cc cc cc cc 41 56 48 83 ec 50 83 79 08 63 4c 8b
0x00007ff87e757fec:   f1 0f 85 d3 00 00 00 48 8b 01 48 8d 4c 24 20 48
0x00007ff87e757ffc:   89 44 24 20 48 89 5c 24 60 33 db 48 89 74 24 68
0x00007ff87e75800c:   0f b7 40 04 89 44 24 30 48 8b 05 0d 02 42 00 48
0x00007ff87e75801c:   89 44 24 40 c7 44 24 3c 01 00 00 00 c7 44 24 2c
0x00007ff87e75802c:   01 00 00 00 c7 44 24 28 01 00 00 00 89 5c 24 34
0x00007ff87e75803c:   48 89 5c 24 48 e8 7a fe ff ff 48 8d 4c 24 20 e8
0x00007ff87e75804c:   b0 00 00 00 8b 44 24 38 48 8b 4c 24 40 41 89 46
0x00007ff87e75805c:   08 e8 ee e9 04 00 48 8b 74 24 48 48 85 f6 74 45
0x00007ff87e75806c:   39 1e 7e 41 48 89 7c 24 70 8b fb 66 0f 1f 84 00
0x00007ff87e75807c:   00 00 00 00 48 8b 4e 18 48 8b 0c 39 e8 c3 e9 04
0x00007ff87e75808c:   00 ff c3 48 8d 7f 08 3b 1e 7c e9 41 8b 46 08 48
0x00007ff87e75809c:   8b 7c 24 70 48 8b 5c 24 60 48 8b 74 24 68 48 83
0x00007ff87e7580ac:   c4 50 41 5e c3 41 8b 46 08 48 8b 5c 24 60 48 8b
0x00007ff87e7580bc:   74 24 68 48 83 c4 50 41 5e c3 8b 41 08 48 83 c4
0x00007ff87e7580cc:   50 41 5e c3 48 8d 42 ff 48 83 f8 fd 77 14 48 3b
0x00007ff87e7580dc:   51 10 74 19 48 89 51 10 48 d1 ea 83 e2 0f 89 51
0x00007ff87e7580ec:   08 c3 48 89 51 10 c7 41 08 63 00 00 00 c3 cc cc
0x00007ff87e7580fc:   cc cc cc cc 40 53 48 83 ec 20 8b 41 1c 48 8b d9 


Stack slot to memory mapping:
stack at sp + 0 slots: 0x0 is NULL
stack at sp + 1 slots: 0x0 is NULL
stack at sp + 2 slots: 0x0000002da78feb80 is pointing into the stack for thread: 0x0000018ec3754dc0
stack at sp + 3 slots: 0x0 is NULL
stack at sp + 4 slots: 0x0 is NULL
stack at sp + 5 slots: 0x00007ff87e2be9be jvm.dll
stack at sp + 6 slots: 0x0000000000000001 is an unknown value
stack at sp + 7 slots: 0x0 is NULL


---------------  P R O C E S S  ---------------

Threads class SMR info:
_java_thread_list=0x0000018ec37f7c90, length=14, elements={
0x0000018ea41a0b50, 0x0000018ec2bec300, 0x0000018ec2bed580, 0x0000018ec2c0c550,
0x0000018ec2c0ce10, 0x0000018ec2c10e90, 0x0000018ec2c158d0, 0x0000018ec2c195d0,
0x0000018ec2c2c2b0, 0x0000018ec357c860, 0x0000018ec3754dc0, 0x0000018ec3684050,
0x0000018ec3668f70, 0x0000018ec380c420
}

Java Threads: ( => current thread )
  0x0000018ea41a0b50 JavaThread "main" [_thread_blocked, id=18228, stack(0x0000002da6700000,0x0000002da6800000)]
  0x0000018ec2bec300 JavaThread "Reference Handler" daemon [_thread_blocked, id=29040, stack(0x0000002da6e00000,0x0000002da6f00000)]
  0x0000018ec2bed580 JavaThread "Finalizer" daemon [_thread_blocked, id=22300, stack(0x0000002da6f00000,0x0000002da7000000)]
  0x0000018ec2c0c550 JavaThread "Signal Dispatcher" daemon [_thread_blocked, id=27476, stack(0x0000002da7000000,0x0000002da7100000)]
  0x0000018ec2c0ce10 JavaThread "Attach Listener" daemon [_thread_blocked, id=15976, stack(0x0000002da7100000,0x0000002da7200000)]
  0x0000018ec2c10e90 JavaThread "Service Thread" daemon [_thread_blocked, id=17772, stack(0x0000002da7200000,0x0000002da7300000)]
  0x0000018ec2c158d0 JavaThread "C2 CompilerThread0" daemon [_thread_blocked, id=28064, stack(0x0000002da7300000,0x0000002da7400000)]
  0x0000018ec2c195d0 JavaThread "C1 CompilerThread0" daemon [_thread_blocked, id=29336, stack(0x0000002da7400000,0x0000002da7500000)]
  0x0000018ec2c2c2b0 JavaThread "Sweeper thread" daemon [_thread_blocked, id=16820, stack(0x0000002da7500000,0x0000002da7600000)]
  0x0000018ec357c860 JavaThread "Common-Cleaner" daemon [_thread_blocked, id=26320, stack(0x0000002da7600000,0x0000002da7700000)]
=>0x0000018ec3754dc0 JavaThread "JDWP Transport Listener: dt_socket" daemon [_thread_in_vm, id=11516, stack(0x0000002da7800000,0x0000002da7900000)]
  0x0000018ec3684050 JavaThread "JDWP Event Helper Thread" daemon [_thread_blocked, id=14876, stack(0x0000002da7900000,0x0000002da7a00000)]
  0x0000018ec3668f70 JavaThread "JDWP Command Reader" daemon [_thread_in_native, id=26872, stack(0x0000002da7a00000,0x0000002da7b00000)]
  0x0000018ec380c420 JavaThread "Notification Thread" daemon [_thread_blocked, id=23140, stack(0x0000002da7b00000,0x0000002da7c00000)]

Other Threads:
  0x0000018ec2bea3d0 VMThread "VM Thread" [stack: 0x0000002da6d00000,0x0000002da6e00000] [id=4632]
  0x0000018ea41a1c10 WatcherThread [stack: 0x0000002da7c00000,0x0000002da7d00000] [id=26156]
  0x0000018ea41e1790 GCTaskThread "GC Thread#0" [stack: 0x0000002da6800000,0x0000002da6900000] [id=27584]
  0x0000018ea41f34c0 ConcurrentGCThread "G1 Main Marker" [stack: 0x0000002da6900000,0x0000002da6a00000] [id=26260]
  0x0000018ea41f4760 ConcurrentGCThread "G1 Conc#0" [stack: 0x0000002da6a00000,0x0000002da6b00000] [id=9420]
  0x0000018ea427cb10 ConcurrentGCThread "G1 Refine#0" [stack: 0x0000002da6b00000,0x0000002da6c00000] [id=24284]
  0x0000018ea427d620 ConcurrentGCThread "G1 Young RemSet Sampling" [stack: 0x0000002da6c00000,0x0000002da6d00000] [id=26812]

Threads with active compile tasks:

VM state: not at safepoint (normal execution)

VM Mutex/Monitor currently owned by a thread: None

Heap address: 0x0000000082200000, size: 2014 MB, Compressed Oops mode: 32-bit
CDS archive(s) mapped at: [0x0000000800000000-0x0000000800b50000-0x0000000800b50000), size 11862016, SharedBaseAddress: 0x0000000800000000, ArchiveRelocationMode: 0.
Compressed class space mapped at: 0x0000000800b50000-0x0000000840b50000, size: 1073741824
Narrow klass base: 0x0000000800000000, Narrow klass shift: 3, Narrow klass range: 0x100000000

GC Precious Log:
 CPUs: 8 total, 8 available
 Memory: 8051M
 Large Page Support: Disabled
 NUMA Support: Disabled
 Compressed Oops: Enabled (32-bit)
 Heap Region Size: 1M
 Heap Min Capacity: 8M
 Heap Initial Capacity: 126M
 Heap Max Capacity: 2014M
 Pre-touch: Disabled
 Parallel Workers: 8
 Concurrent Workers: 2
 Concurrent Refinement Workers: 8
 Periodic GC: Disabled

Heap:
 garbage-first heap   total 129024K, used 6144K [0x0000000082200000, 0x0000000100000000)
  region size 1024K, 7 young (7168K), 0 survivors (0K)
 Metaspace       used 2882K, capacity 4902K, committed 5120K, reserved 1056768K
  class space    used 279K, capacity 461K, committed 512K, reserved 1048576K

Heap Regions: E=young(eden), S=young(survivor), O=old, HS=humongous(starts), HC=humongous(continues), CS=collection set, F=free, OA=open archive, CA=closed archive, TAMS=top-at-mark-start (previous, next)
|   0|0x0000000082200000, 0x0000000082200000, 0x0000000082300000|  0%| F|  |TAMS 0x0000000082200000, 0x0000000082200000| Untracked 
|   1|0x0000000082300000, 0x0000000082300000, 0x0000000082400000|  0%| F|  |TAMS 0x0000000082300000, 0x0000000082300000| Untracked 
|   2|0x0000000082400000, 0x0000000082400000, 0x0000000082500000|  0%| F|  |TAMS 0x0000000082400000, 0x0000000082400000| Untracked 
|   3|0x0000000082500000, 0x0000000082500000, 0x0000000082600000|  0%| F|  |TAMS 0x0000000082500000, 0x0000000082500000| Untracked 
|   4|0x0000000082600000, 0x0000000082600000, 0x0000000082700000|  0%| F|  |TAMS 0x0000000082600000, 0x0000000082600000| Untracked 
|   5|0x0000000082700000, 0x0000000082700000, 0x0000000082800000|  0%| F|  |TAMS 0x0000000082700000, 0x0000000082700000| Untracked 
|   6|0x0000000082800000, 0x0000000082800000, 0x0000000082900000|  0%| F|  |TAMS 0x0000000082800000, 0x0000000082800000| Untracked 
|   7|0x0000000082900000, 0x0000000082900000, 0x0000000082a00000|  0%| F|  |TAMS 0x0000000082900000, 0x0000000082900000| Untracked 
|   8|0x0000000082a00000, 0x0000000082a00000, 0x0000000082b00000|  0%| F|  |TAMS 0x0000000082a00000, 0x0000000082a00000| Untracked 
|   9|0x0000000082b00000, 0x0000000082b00000, 0x0000000082c00000|  0%| F|  |TAMS 0x0000000082b00000, 0x0000000082b00000| Untracked 
|  10|0x0000000082c00000, 0x0000000082c00000, 0x0000000082d00000|  0%| F|  |TAMS 0x0000000082c00000, 0x0000000082c00000| Untracked 
|  11|0x0000000082d00000, 0x0000000082d00000, 0x0000000082e00000|  0%| F|  |TAMS 0x0000000082d00000, 0x0000000082d00000| Untracked 
|  12|0x0000000082e00000, 0x0000000082e00000, 0x0000000082f00000|  0%| F|  |TAMS 0x0000000082e00000, 0x0000000082e00000| Untracked 
|  13|0x0000000082f00000, 0x0000000082f00000, 0x0000000083000000|  0%| F|  |TAMS 0x0000000082f00000, 0x0000000082f00000| Untracked 
|  14|0x0000000083000000, 0x0000000083000000, 0x0000000083100000|  0%| F|  |TAMS 0x0000000083000000, 0x0000000083000000| Untracked 
|  15|0x0000000083100000, 0x0000000083100000, 0x0000000083200000|  0%| F|  |TAMS 0x0000000083100000, 0x0000000083100000| Untracked 
|  16|0x0000000083200000, 0x0000000083200000, 0x0000000083300000|  0%| F|  |TAMS 0x0000000083200000, 0x0000000083200000| Untracked 
|  17|0x0000000083300000, 0x0000000083300000, 0x0000000083400000|  0%| F|  |TAMS 0x0000000083300000, 0x0000000083300000| Untracked 
|  18|0x0000000083400000, 0x0000000083400000, 0x0000000083500000|  0%| F|  |TAMS 0x0000000083400000, 0x0000000083400000| Untracked 
|  19|0x0000000083500000, 0x0000000083500000, 0x0000000083600000|  0%| F|  |TAMS 0x0000000083500000, 0x0000000083500000| Untracked 
|  20|0x0000000083600000, 0x0000000083600000, 0x0000000083700000|  0%| F|  |TAMS 0x0000000083600000, 0x0000000083600000| Untracked 
|  21|0x0000000083700000, 0x0000000083700000, 0x0000000083800000|  0%| F|  |TAMS 0x0000000083700000, 0x0000000083700000| Untracked 
|  22|0x0000000083800000, 0x0000000083800000, 0x0000000083900000|  0%| F|  |TAMS 0x0000000083800000, 0x0000000083800000| Untracked 
|  23|0x0000000083900000, 0x0000000083900000, 0x0000000083a00000|  0%| F|  |TAMS 0x0000000083900000, 0x0000000083900000| Untracked 
|  24|0x0000000083a00000, 0x0000000083a00000, 0x0000000083b00000|  0%| F|  |TAMS 0x0000000083a00000, 0x0000000083a00000| Untracked 
|  25|0x0000000083b00000, 0x0000000083b00000, 0x0000000083c00000|  0%| F|  |TAMS 0x0000000083b00000, 0x0000000083b00000| Untracked 
|  26|0x0000000083c00000, 0x0000000083c00000, 0x0000000083d00000|  0%| F|  |TAMS 0x0000000083c00000, 0x0000000083c00000| Untracked 
|  27|0x0000000083d00000, 0x0000000083d00000, 0x0000000083e00000|  0%| F|  |TAMS 0x0000000083d00000, 0x0000000083d00000| Untracked 
|  28|0x0000000083e00000, 0x0000000083e00000, 0x0000000083f00000|  0%| F|  |TAMS 0x0000000083e00000, 0x0000000083e00000| Untracked 
|  29|0x0000000083f00000, 0x0000000083f00000, 0x0000000084000000|  0%| F|  |TAMS 0x0000000083f00000, 0x0000000083f00000| Untracked 
|  30|0x0000000084000000, 0x0000000084000000, 0x0000000084100000|  0%| F|  |TAMS 0x0000000084000000, 0x0000000084000000| Untracked 
|  31|0x0000000084100000, 0x0000000084100000, 0x0000000084200000|  0%| F|  |TAMS 0x0000000084100000, 0x0000000084100000| Untracked 
|  32|0x0000000084200000, 0x0000000084200000, 0x0000000084300000|  0%| F|  |TAMS 0x0000000084200000, 0x0000000084200000| Untracked 
|  33|0x0000000084300000, 0x0000000084300000, 0x0000000084400000|  0%| F|  |TAMS 0x0000000084300000, 0x0000000084300000| Untracked 
|  34|0x0000000084400000, 0x0000000084400000, 0x0000000084500000|  0%| F|  |TAMS 0x0000000084400000, 0x0000000084400000| Untracked 
|  35|0x0000000084500000, 0x0000000084500000, 0x0000000084600000|  0%| F|  |TAMS 0x0000000084500000, 0x0000000084500000| Untracked 
|  36|0x0000000084600000, 0x0000000084600000, 0x0000000084700000|  0%| F|  |TAMS 0x0000000084600000, 0x0000000084600000| Untracked 
|  37|0x0000000084700000, 0x0000000084700000, 0x0000000084800000|  0%| F|  |TAMS 0x0000000084700000, 0x0000000084700000| Untracked 
|  38|0x0000000084800000, 0x0000000084800000, 0x0000000084900000|  0%| F|  |TAMS 0x0000000084800000, 0x0000000084800000| Untracked 
|  39|0x0000000084900000, 0x0000000084900000, 0x0000000084a00000|  0%| F|  |TAMS 0x0000000084900000, 0x0000000084900000| Untracked 
|  40|0x0000000084a00000, 0x0000000084a00000, 0x0000000084b00000|  0%| F|  |TAMS 0x0000000084a00000, 0x0000000084a00000| Untracked 
|  41|0x0000000084b00000, 0x0000000084b00000, 0x0000000084c00000|  0%| F|  |TAMS 0x0000000084b00000, 0x0000000084b00000| Untracked 
|  42|0x0000000084c00000, 0x0000000084c00000, 0x0000000084d00000|  0%| F|  |TAMS 0x0000000084c00000, 0x0000000084c00000| Untracked 
|  43|0x0000000084d00000, 0x0000000084d00000, 0x0000000084e00000|  0%| F|  |TAMS 0x0000000084d00000, 0x0000000084d00000| Untracked 
|  44|0x0000000084e00000, 0x0000000084e00000, 0x0000000084f00000|  0%| F|  |TAMS 0x0000000084e00000, 0x0000000084e00000| Untracked 
|  45|0x0000000084f00000, 0x0000000084f00000, 0x0000000085000000|  0%| F|  |TAMS 0x0000000084f00000, 0x0000000084f00000| Untracked 
|  46|0x0000000085000000, 0x0000000085000000, 0x0000000085100000|  0%| F|  |TAMS 0x0000000085000000, 0x0000000085000000| Untracked 
|  47|0x0000000085100000, 0x0000000085100000, 0x0000000085200000|  0%| F|  |TAMS 0x0000000085100000, 0x0000000085100000| Untracked 
|  48|0x0000000085200000, 0x0000000085200000, 0x0000000085300000|  0%| F|  |TAMS 0x0000000085200000, 0x0000000085200000| Untracked 
|  49|0x0000000085300000, 0x0000000085300000, 0x0000000085400000|  0%| F|  |TAMS 0x0000000085300000, 0x0000000085300000| Untracked 
|  50|0x0000000085400000, 0x0000000085400000, 0x0000000085500000|  0%| F|  |TAMS 0x0000000085400000, 0x0000000085400000| Untracked 
|  51|0x0000000085500000, 0x0000000085500000, 0x0000000085600000|  0%| F|  |TAMS 0x0000000085500000, 0x0000000085500000| Untracked 
|  52|0x0000000085600000, 0x0000000085600000, 0x0000000085700000|  0%| F|  |TAMS 0x0000000085600000, 0x0000000085600000| Untracked 
|  53|0x0000000085700000, 0x0000000085700000, 0x0000000085800000|  0%| F|  |TAMS 0x0000000085700000, 0x0000000085700000| Untracked 
|  54|0x0000000085800000, 0x0000000085800000, 0x0000000085900000|  0%| F|  |TAMS 0x0000000085800000, 0x0000000085800000| Untracked 
|  55|0x0000000085900000, 0x0000000085900000, 0x0000000085a00000|  0%| F|  |TAMS 0x0000000085900000, 0x0000000085900000| Untracked 
|  56|0x0000000085a00000, 0x0000000085a00000, 0x0000000085b00000|  0%| F|  |TAMS 0x0000000085a00000, 0x0000000085a00000| Untracked 
|  57|0x0000000085b00000, 0x0000000085b00000, 0x0000000085c00000|  0%| F|  |TAMS 0x0000000085b00000, 0x0000000085b00000| Untracked 
|  58|0x0000000085c00000, 0x0000000085c00000, 0x0000000085d00000|  0%| F|  |TAMS 0x0000000085c00000, 0x0000000085c00000| Untracked 
|  59|0x0000000085d00000, 0x0000000085d00000, 0x0000000085e00000|  0%| F|  |TAMS 0x0000000085d00000, 0x0000000085d00000| Untracked 
|  60|0x0000000085e00000, 0x0000000085e00000, 0x0000000085f00000|  0%| F|  |TAMS 0x0000000085e00000, 0x0000000085e00000| Untracked 
|  61|0x0000000085f00000, 0x0000000085f00000, 0x0000000086000000|  0%| F|  |TAMS 0x0000000085f00000, 0x0000000085f00000| Untracked 
|  62|0x0000000086000000, 0x0000000086000000, 0x0000000086100000|  0%| F|  |TAMS 0x0000000086000000, 0x0000000086000000| Untracked 
|  63|0x0000000086100000, 0x0000000086100000, 0x0000000086200000|  0%| F|  |TAMS 0x0000000086100000, 0x0000000086100000| Untracked 
|  64|0x0000000086200000, 0x0000000086200000, 0x0000000086300000|  0%| F|  |TAMS 0x0000000086200000, 0x0000000086200000| Untracked 
|  65|0x0000000086300000, 0x0000000086300000, 0x0000000086400000|  0%| F|  |TAMS 0x0000000086300000, 0x0000000086300000| Untracked 
|  66|0x0000000086400000, 0x0000000086400000, 0x0000000086500000|  0%| F|  |TAMS 0x0000000086400000, 0x0000000086400000| Untracked 
|  67|0x0000000086500000, 0x0000000086500000, 0x0000000086600000|  0%| F|  |TAMS 0x0000000086500000, 0x0000000086500000| Untracked 
|  68|0x0000000086600000, 0x0000000086600000, 0x0000000086700000|  0%| F|  |TAMS 0x0000000086600000, 0x0000000086600000| Untracked 
|  69|0x0000000086700000, 0x0000000086700000, 0x0000000086800000|  0%| F|  |TAMS 0x0000000086700000, 0x0000000086700000| Untracked 
|  70|0x0000000086800000, 0x0000000086800000, 0x0000000086900000|  0%| F|  |TAMS 0x0000000086800000, 0x0000000086800000| Untracked 
|  71|0x0000000086900000, 0x0000000086900000, 0x0000000086a00000|  0%| F|  |TAMS 0x0000000086900000, 0x0000000086900000| Untracked 
|  72|0x0000000086a00000, 0x0000000086a00000, 0x0000000086b00000|  0%| F|  |TAMS 0x0000000086a00000, 0x0000000086a00000| Untracked 
|  73|0x0000000086b00000, 0x0000000086b00000, 0x0000000086c00000|  0%| F|  |TAMS 0x0000000086b00000, 0x0000000086b00000| Untracked 
|  74|0x0000000086c00000, 0x0000000086c00000, 0x0000000086d00000|  0%| F|  |TAMS 0x0000000086c00000, 0x0000000086c00000| Untracked 
|  75|0x0000000086d00000, 0x0000000086d00000, 0x0000000086e00000|  0%| F|  |TAMS 0x0000000086d00000, 0x0000000086d00000| Untracked 
|  76|0x0000000086e00000, 0x0000000086e00000, 0x0000000086f00000|  0%| F|  |TAMS 0x0000000086e00000, 0x0000000086e00000| Untracked 
|  77|0x0000000086f00000, 0x0000000086f00000, 0x0000000087000000|  0%| F|  |TAMS 0x0000000086f00000, 0x0000000086f00000| Untracked 
|  78|0x0000000087000000, 0x0000000087000000, 0x0000000087100000|  0%| F|  |TAMS 0x0000000087000000, 0x0000000087000000| Untracked 
|  79|0x0000000087100000, 0x0000000087100000, 0x0000000087200000|  0%| F|  |TAMS 0x0000000087100000, 0x0000000087100000| Untracked 
|  80|0x0000000087200000, 0x0000000087200000, 0x0000000087300000|  0%| F|  |TAMS 0x0000000087200000, 0x0000000087200000| Untracked 
|  81|0x0000000087300000, 0x0000000087300000, 0x0000000087400000|  0%| F|  |TAMS 0x0000000087300000, 0x0000000087300000| Untracked 
|  82|0x0000000087400000, 0x0000000087400000, 0x0000000087500000|  0%| F|  |TAMS 0x0000000087400000, 0x0000000087400000| Untracked 
|  83|0x0000000087500000, 0x0000000087500000, 0x0000000087600000|  0%| F|  |TAMS 0x0000000087500000, 0x0000000087500000| Untracked 
|  84|0x0000000087600000, 0x0000000087600000, 0x0000000087700000|  0%| F|  |TAMS 0x0000000087600000, 0x0000000087600000| Untracked 
|  85|0x0000000087700000, 0x0000000087700000, 0x0000000087800000|  0%| F|  |TAMS 0x0000000087700000, 0x0000000087700000| Untracked 
|  86|0x0000000087800000, 0x0000000087800000, 0x0000000087900000|  0%| F|  |TAMS 0x0000000087800000, 0x0000000087800000| Untracked 
|  87|0x0000000087900000, 0x0000000087900000, 0x0000000087a00000|  0%| F|  |TAMS 0x0000000087900000, 0x0000000087900000| Untracked 
|  88|0x0000000087a00000, 0x0000000087a00000, 0x0000000087b00000|  0%| F|  |TAMS 0x0000000087a00000, 0x0000000087a00000| Untracked 
|  89|0x0000000087b00000, 0x0000000087b00000, 0x0000000087c00000|  0%| F|  |TAMS 0x0000000087b00000, 0x0000000087b00000| Untracked 
|  90|0x0000000087c00000, 0x0000000087c00000, 0x0000000087d00000|  0%| F|  |TAMS 0x0000000087c00000, 0x0000000087c00000| Untracked 
|  91|0x0000000087d00000, 0x0000000087d00000, 0x0000000087e00000|  0%| F|  |TAMS 0x0000000087d00000, 0x0000000087d00000| Untracked 
|  92|0x0000000087e00000, 0x0000000087e00000, 0x0000000087f00000|  0%| F|  |TAMS 0x0000000087e00000, 0x0000000087e00000| Untracked 
|  93|0x0000000087f00000, 0x0000000087f00000, 0x0000000088000000|  0%| F|  |TAMS 0x0000000087f00000, 0x0000000087f00000| Untracked 
|  94|0x0000000088000000, 0x0000000088000000, 0x0000000088100000|  0%| F|  |TAMS 0x0000000088000000, 0x0000000088000000| Untracked 
|  95|0x0000000088100000, 0x0000000088100000, 0x0000000088200000|  0%| F|  |TAMS 0x0000000088100000, 0x0000000088100000| Untracked 
|  96|0x0000000088200000, 0x0000000088200000, 0x0000000088300000|  0%| F|  |TAMS 0x0000000088200000, 0x0000000088200000| Untracked 
|  97|0x0000000088300000, 0x0000000088300000, 0x0000000088400000|  0%| F|  |TAMS 0x0000000088300000, 0x0000000088300000| Untracked 
|  98|0x0000000088400000, 0x0000000088400000, 0x0000000088500000|  0%| F|  |TAMS 0x0000000088400000, 0x0000000088400000| Untracked 
|  99|0x0000000088500000, 0x0000000088500000, 0x0000000088600000|  0%| F|  |TAMS 0x0000000088500000, 0x0000000088500000| Untracked 
| 100|0x0000000088600000, 0x0000000088600000, 0x0000000088700000|  0%| F|  |TAMS 0x0000000088600000, 0x0000000088600000| Untracked 
| 101|0x0000000088700000, 0x0000000088700000, 0x0000000088800000|  0%| F|  |TAMS 0x0000000088700000, 0x0000000088700000| Untracked 
| 102|0x0000000088800000, 0x0000000088800000, 0x0000000088900000|  0%| F|  |TAMS 0x0000000088800000, 0x0000000088800000| Untracked 
| 103|0x0000000088900000, 0x0000000088900000, 0x0000000088a00000|  0%| F|  |TAMS 0x0000000088900000, 0x0000000088900000| Untracked 
| 104|0x0000000088a00000, 0x0000000088a00000, 0x0000000088b00000|  0%| F|  |TAMS 0x0000000088a00000, 0x0000000088a00000| Untracked 
| 105|0x0000000088b00000, 0x0000000088b00000, 0x0000000088c00000|  0%| F|  |TAMS 0x0000000088b00000, 0x0000000088b00000| Untracked 
| 106|0x0000000088c00000, 0x0000000088c00000, 0x0000000088d00000|  0%| F|  |TAMS 0x0000000088c00000, 0x0000000088c00000| Untracked 
| 107|0x0000000088d00000, 0x0000000088d00000, 0x0000000088e00000|  0%| F|  |TAMS 0x0000000088d00000, 0x0000000088d00000| Untracked 
| 108|0x0000000088e00000, 0x0000000088e00000, 0x0000000088f00000|  0%| F|  |TAMS 0x0000000088e00000, 0x0000000088e00000| Untracked 
| 109|0x0000000088f00000, 0x0000000088f00000, 0x0000000089000000|  0%| F|  |TAMS 0x0000000088f00000, 0x0000000088f00000| Untracked 
| 110|0x0000000089000000, 0x0000000089000000, 0x0000000089100000|  0%| F|  |TAMS 0x0000000089000000, 0x0000000089000000| Untracked 
| 111|0x0000000089100000, 0x0000000089100000, 0x0000000089200000|  0%| F|  |TAMS 0x0000000089100000, 0x0000000089100000| Untracked 
| 112|0x0000000089200000, 0x0000000089200000, 0x0000000089300000|  0%| F|  |TAMS 0x0000000089200000, 0x0000000089200000| Untracked 
| 113|0x0000000089300000, 0x0000000089300000, 0x0000000089400000|  0%| F|  |TAMS 0x0000000089300000, 0x0000000089300000| Untracked 
| 114|0x0000000089400000, 0x0000000089400000, 0x0000000089500000|  0%| F|  |TAMS 0x0000000089400000, 0x0000000089400000| Untracked 
| 115|0x0000000089500000, 0x0000000089500000, 0x0000000089600000|  0%| F|  |TAMS 0x0000000089500000, 0x0000000089500000| Untracked 
| 116|0x0000000089600000, 0x0000000089600000, 0x0000000089700000|  0%| F|  |TAMS 0x0000000089600000, 0x0000000089600000| Untracked 
| 117|0x0000000089700000, 0x0000000089700000, 0x0000000089800000|  0%| F|  |TAMS 0x0000000089700000, 0x0000000089700000| Untracked 
| 118|0x0000000089800000, 0x0000000089800000, 0x0000000089900000|  0%| F|  |TAMS 0x0000000089800000, 0x0000000089800000| Untracked 
| 119|0x0000000089900000, 0x00000000899ebfa0, 0x0000000089a00000| 92%| E|  |TAMS 0x0000000089900000, 0x0000000089900000| Complete 
| 120|0x0000000089a00000, 0x0000000089b00000, 0x0000000089b00000|100%| E|CS|TAMS 0x0000000089a00000, 0x0000000089a00000| Complete 
| 121|0x0000000089b00000, 0x0000000089c00000, 0x0000000089c00000|100%| E|CS|TAMS 0x0000000089b00000, 0x0000000089b00000| Complete 
| 122|0x0000000089c00000, 0x0000000089d00000, 0x0000000089d00000|100%| E|CS|TAMS 0x0000000089c00000, 0x0000000089c00000| Complete 
| 123|0x0000000089d00000, 0x0000000089e00000, 0x0000000089e00000|100%| E|CS|TAMS 0x0000000089d00000, 0x0000000089d00000| Complete 
| 124|0x0000000089e00000, 0x0000000089f00000, 0x0000000089f00000|100%| E|CS|TAMS 0x0000000089e00000, 0x0000000089e00000| Complete 
| 125|0x0000000089f00000, 0x000000008a000000, 0x000000008a000000|100%| E|CS|TAMS 0x0000000089f00000, 0x0000000089f00000| Complete 

Card table byte_map: [0x0000018ebbb00000,0x0000018ebbef0000] _byte_map_base: 0x0000018ebb6ef000

Marking Bits (Prev, Next): (CMBitMap*) 0x0000018ea41e1f10, (CMBitMap*) 0x0000018ea41e1f50
 Prev Bits: [0x0000018ebc2e0000, 0x0000018ebe258000)
 Next Bits: [0x0000018ebe260000, 0x0000018ec01d8000)

Polling page: 0x0000018ea2320000

Metaspace:

Usage:
  Non-class:      4.34 MB capacity,     2.54 MB ( 59%) used,     1.79 MB ( 41%) free+waste,     1.19 KB ( <1%) overhead. 
      Class:    461.00 KB capacity,   279.79 KB ( 61%) used,   180.46 KB ( 39%) free+waste,   768 bytes ( <1%) overhead. 
       Both:      4.79 MB capacity,     2.82 MB ( 59%) used,     1.97 MB ( 41%) free+waste,     1.94 KB ( <1%) overhead. 

Virtual space:
  Non-class space:        8.00 MB reserved,       4.50 MB ( 56%) committed 
      Class space:        1.00 GB reserved,     512.00 KB ( <1%) committed 
             Both:        1.01 GB reserved,       5.00 MB ( <1%) committed 

Chunk freelists:
   Non-Class:  39.00 KB
       Class:  19.00 KB
        Both:  58.00 KB

MaxMetaspaceSize: 17179869184.00 GB
CompressedClassSpaceSize: 1.00 GB

CodeHeap 'non-profiled nmethods': size=120000Kb used=154Kb max_used=154Kb free=119845Kb
 bounds [0x0000018eb3eb0000, 0x0000018eb4120000, 0x0000018ebb3e0000]
CodeHeap 'profiled nmethods': size=120000Kb used=582Kb max_used=582Kb free=119417Kb
 bounds [0x0000018eac980000, 0x0000018eacbf0000, 0x0000018eb3eb0000]
CodeHeap 'non-nmethods': size=5760Kb used=1228Kb max_used=1251Kb free=4531Kb
 bounds [0x0000018eac3e0000, 0x0000018eac650000, 0x0000018eac980000]
 total_blobs=850 nmethods=459 adapters=304
 compilation: enabled
              stopped_count=0, restarted_count=0
 full_count=0

Compilation events (20 events):
Event: 31323.680 Thread 0x0000018ec2c195d0  476       1       java.net.URL::getAuthority (5 bytes)
Event: 31323.680 Thread 0x0000018ec2c195d0 nmethod 476 0x0000018eb3ed6290 code [0x0000018eb3ed6420, 0x0000018eb3ed64d8]
Event: 31323.680 Thread 0x0000018ec2c195d0  477       1       java.net.URL::getQuery (5 bytes)
Event: 31323.680 Thread 0x0000018ec2c158d0  478       4       org.eclipse.jdt.launching.internal.org.objectweb.asm.SymbolTable::add (39 bytes)
Event: 31323.680 Thread 0x0000018ec2c195d0 nmethod 477 0x0000018eb3ed6590 code [0x0000018eb3ed6720, 0x0000018eb3ed67d8]
Event: 31323.683 Thread 0x0000018ec2c158d0 

Event: 31338.274 Thread 0x0000018ec2c158d0  479       4       org.eclipse.jdt.launching.internal.org.objectweb.asm.SymbolTable$Entry::<init> (17 bytes)
Event: 31338.274 Thread 0x0000018ec2c195d0  480       3       org.eclipse.jdt.launching.internal.org.objectweb.asm.ClassReader::readInt (52 bytes)
Event: 31338.274 Thread 0x0000018ec2c195d0 nmethod 480 0x0000018eaca11190 code [0x0000018eaca11320, 0x0000018eaca114f8]
Event: 31338.278 Thread 0x0000018ec2c158d0 

Event: 31428.533 Thread 0x0000018ec2c158d0  481       4       java.lang.String::checkBoundsOffCount (64 bytes)
Event: 31428.534 Thread 0x0000018ec2c158d0 nmethod 481 0x0000018eb3ed6890 code [0x0000018eb3ed6a00, 0x0000018eb3ed6a98]
Event: 34738.535 Thread 0x0000018ec2c158d0  482       4       org.eclipse.jdt.launching.internal.org.objectweb.asm.SymbolTable::add (39 bytes)
Event: 34738.538 Thread 0x0000018ec2c158d0 

Event: 34803.010 Thread 0x0000018ec2c158d0  483       4       org.eclipse.jdt.launching.internal.org.objectweb.asm.SymbolTable$Entry::<init> (17 bytes)
Event: 34803.014 Thread 0x0000018ec2c158d0 

Event: 34996.383 Thread 0x0000018ec2c195d0  484       3       org.eclipse.jdt.launching.internal.org.objectweb.asm.ByteVector::putByteArray (49 bytes)
Event: 34996.383 Thread 0x0000018ec2c158d0  485       4       org.eclipse.jdt.launching.internal.org.objectweb.asm.SymbolTable::add (39 bytes)
Event: 34996.384 Thread 0x0000018ec2c195d0 nmethod 484 0x0000018eaca11610 code [0x0000018eaca117c0, 0x0000018eaca11a78]
Event: 34996.387 Thread 0x0000018ec2c158d0 


GC Heap History (0 events):
No events

Deoptimization events (20 events):
Event: 0.411 Thread 0x0000018ea41a0b50 DEOPT PACKING pc=0x0000018eac9edaac sp=0x0000002da67f7bc0
Event: 0.411 Thread 0x0000018ea41a0b50 DEOPT UNPACKING pc=0x0000018eac42e23f sp=0x0000002da67f7088 mode 0
Event: 0.416 Thread 0x0000018ea41a0b50 DEOPT PACKING pc=0x0000018eac9edaac sp=0x0000002da67fb6a0
Event: 0.416 Thread 0x0000018ea41a0b50 DEOPT UNPACKING pc=0x0000018eac42e23f sp=0x0000002da67fab68 mode 0
Event: 0.417 Thread 0x0000018ea41a0b50 DEOPT PACKING pc=0x0000018eac9edaac sp=0x0000002da67fb6a0
Event: 0.417 Thread 0x0000018ea41a0b50 DEOPT UNPACKING pc=0x0000018eac42e23f sp=0x0000002da67fab68 mode 0
Event: 0.417 Thread 0x0000018ea41a0b50 DEOPT PACKING pc=0x0000018eac9edaac sp=0x0000002da67fb6a0
Event: 0.417 Thread 0x0000018ea41a0b50 DEOPT UNPACKING pc=0x0000018eac42e23f sp=0x0000002da67fab68 mode 0
Event: 0.418 Thread 0x0000018ea41a0b50 DEOPT PACKING pc=0x0000018eac9edaac sp=0x0000002da67fb6a0
Event: 0.418 Thread 0x0000018ea41a0b50 DEOPT UNPACKING pc=0x0000018eac42e23f sp=0x0000002da67fab68 mode 0
Event: 0.433 Thread 0x0000018ea41a0b50 DEOPT PACKING pc=0x0000018eac9edce1 sp=0x0000002da67f77b0
Event: 0.433 Thread 0x0000018ea41a0b50 DEOPT UNPACKING pc=0x0000018eac42e23f sp=0x0000002da67f6c78 mode 0
Event: 0.433 Thread 0x0000018ea41a0b50 DEOPT PACKING pc=0x0000018eac9edaac sp=0x0000002da67f77b0
Event: 0.433 Thread 0x0000018ea41a0b50 DEOPT UNPACKING pc=0x0000018eac42e23f sp=0x0000002da67f6c78 mode 0
Event: 0.434 Thread 0x0000018ea41a0b50 DEOPT PACKING pc=0x0000018eac9edaac sp=0x0000002da67f77b0
Event: 0.434 Thread 0x0000018ea41a0b50 DEOPT UNPACKING pc=0x0000018eac42e23f sp=0x0000002da67f6c78 mode 0
Event: 0.434 Thread 0x0000018ea41a0b50 DEOPT PACKING pc=0x0000018eac9edaac sp=0x0000002da67f77b0
Event: 0.434 Thread 0x0000018ea41a0b50 DEOPT UNPACKING pc=0x0000018eac42e23f sp=0x0000002da67f6c78 mode 0
Event: 0.435 Thread 0x0000018ea41a0b50 DEOPT PACKING pc=0x0000018eac9edce1 sp=0x0000002da67f77b0
Event: 0.435 Thread 0x0000018ea41a0b50 DEOPT UNPACKING pc=0x0000018eac42e23f sp=0x0000002da67f6c78 mode 0

Classes unloaded (0 events):
No events

Classes redefined (20 events):
Event: 30340.974 Thread 0x0000018ec2bea3d0 redefined class name=kr.ac.sejong.lecture.database.assignment45.App, count=33
Event: 30362.833 Thread 0x0000018ec2bea3d0 redefined class name=kr.ac.sejong.lecture.database.assignment45.App, count=34
Event: 30395.785 Thread 0x0000018ec2bea3d0 redefined class name=kr.ac.sejong.lecture.database.assignment45.App, count=35
Event: 31207.260 Thread 0x0000018ec2bea3d0 redefined class name=kr.ac.sejong.lecture.database.assignment45.App, count=36
Event: 31213.273 Thread 0x0000018ec2bea3d0 redefined class name=kr.ac.sejong.lecture.database.assignment45.App, count=37
Event: 31221.732 Thread 0x0000018ec2bea3d0 redefined class name=kr.ac.sejong.lecture.database.assignment45.App, count=38
Event: 31288.803 Thread 0x0000018ec2bea3d0 redefined class name=kr.ac.sejong.lecture.database.assignment45.App, count=39
Event: 31305.856 Thread 0x0000018ec2bea3d0 redefined class name=kr.ac.sejong.lecture.database.assignment45.App, count=40
Event: 31323.681 Thread 0x0000018ec2bea3d0 redefined class name=kr.ac.sejong.lecture.database.assignment45.App, count=41
Event: 31338.275 Thread 0x0000018ec2bea3d0 redefined class name=kr.ac.sejong.lecture.database.assignment45.App, count=42
Event: 31428.535 Thread 0x0000018ec2bea3d0 redefined class name=kr.ac.sejong.lecture.database.assignment45.App, count=43
Event: 34591.822 Thread 0x0000018ec2bea3d0 redefined class name=kr.ac.sejong.lecture.database.assignment45.App, count=44
Event: 34608.345 Thread 0x0000018ec2bea3d0 redefined class name=kr.ac.sejong.lecture.database.assignment45.App, count=45
Event: 34738.536 Thread 0x0000018ec2bea3d0 redefined class name=kr.ac.sejong.lecture.database.assignment45.App, count=46
Event: 34752.567 Thread 0x0000018ec2bea3d0 redefined class name=kr.ac.sejong.lecture.database.assignment45.App, count=47
Event: 34783.664 Thread 0x0000018ec2bea3d0 redefined class name=kr.ac.sejong.lecture.database.assignment45.App, count=48
Event: 34803.012 Thread 0x0000018ec2bea3d0 redefined class name=kr.ac.sejong.lecture.database.assignment45.App, count=49
Event: 34946.760 Thread 0x0000018ec2bea3d0 redefined class name=kr.ac.sejong.lecture.database.assignment45.App, count=50
Event: 34996.385 Thread 0x0000018ec2bea3d0 redefined class name=kr.ac.sejong.lecture.database.assignment45.App, count=51
Event: 35122.184 Thread 0x0000018ec2bea3d0 redefined class name=kr.ac.sejong.lecture.database.assignment45.App, count=52

Internal exceptions (3 events):
Event: 0.271 Thread 0x0000018ea41a0b50 Exception <a 'java/lang/NoSuchMethodError'{0x0000000089ee8260}: 'void java.lang.invoke.DirectMethodHandle$Holder.invokeStatic(java.lang.Object, java.lang.Object)'> (0x0000000089ee8260) 
thrown [./open/src/hotspot/share/interpreter/linkResolver.cpp, line 782]
Event: 0.272 Thread 0x0000018ea41a0b50 Exception <a 'java/lang/NoSuchMethodError'{0x0000000089d000c0}: 'void java.lang.invoke.DirectMethodHandle$Holder.invokeStaticInit(java.lang.Object, java.lang.Object)'> (0x0000000089d000c0) 
thrown [./open/src/hotspot/share/interpreter/linkResolver.cpp, line 782]
Event: 0.377 Thread 0x0000018ea41a0b50 Exception <a 'java/lang/NoSuchMethodError'{0x0000000089c9b7a8}: 'java.lang.Object java.lang.invoke.DirectMethodHandle$Holder.invokeStatic(java.lang.Object)'> (0x0000000089c9b7a8) 
thrown [./open/src/hotspot/share/interpreter/linkResolver.cpp, line 782]

Events (20 events):
Event: 34946.762 Executing VM operation: GetStackTrace
Event: 34946.762 Executing VM operation: GetStackTrace done
Event: 34946.781 Executing VM operation: GetFrameCount
Event: 34946.781 Executing VM operation: GetFrameCount done
Event: 34996.384 Executing VM operation: RedefineClasses
Event: 34996.387 Executing VM operation: RedefineClasses done
Event: 34996.387 Executing VM operation: GetFrameCount
Event: 34996.387 Executing VM operation: GetFrameCount done
Event: 34996.387 Executing VM operation: GetStackTrace
Event: 34996.387 Executing VM operation: GetStackTrace done
Event: 34996.814 Executing VM operation: GetFrameCount
Event: 34996.814 Executing VM operation: GetFrameCount done
Event: 35122.183 Executing VM operation: RedefineClasses
Event: 35122.187 Executing VM operation: RedefineClasses done
Event: 35122.187 Executing VM operation: GetFrameCount
Event: 35122.187 Executing VM operation: GetFrameCount done
Event: 35122.187 Executing VM operation: GetStackTrace
Event: 35122.187 Executing VM operation: GetStackTrace done
Event: 35122.652 Executing VM operation: GetFrameCount
Event: 35122.652 Executing VM operation: GetFrameCount done


Dynamic libraries:
0x00007ff640be0000 - 0x00007ff640bed000 	C:\Program Files\Java\jdk-15.0.2\bin\javaw.exe
0x00007ff8d10d0000 - 0x00007ff8d12c5000 	C:\WINDOWS\SYSTEM32\ntdll.dll
0x00007ff8d09f0000 - 0x00007ff8d0aad000 	C:\WINDOWS\System32\KERNEL32.DLL
0x00007ff8cedb0000 - 0x00007ff8cf078000 	C:\WINDOWS\System32\KERNELBASE.dll
0x00007ff8cecb0000 - 0x00007ff8cedb0000 	C:\WINDOWS\System32\ucrtbase.dll
0x00007ff8c67f0000 - 0x00007ff8c6808000 	C:\Program Files\Java\jdk-15.0.2\bin\jli.dll
0x00007ff8c17c0000 - 0x00007ff8c17d9000 	C:\Program Files\Java\jdk-15.0.2\bin\VCRUNTIME140.dll
0x00007ff8d0dd0000 - 0x00007ff8d0f70000 	C:\WINDOWS\System32\USER32.dll
0x00007ff8cf100000 - 0x00007ff8cf122000 	C:\WINDOWS\System32\win32u.dll
0x00007ff8d0cf0000 - 0x00007ff8d0d1a000 	C:\WINDOWS\System32\GDI32.dll
0x00007ff8b7f20000 - 0x00007ff8b81ba000 	C:\WINDOWS\WinSxS\amd64_microsoft.windows.common-controls_6595b64144ccf1df_6.0.19041.844_none_ca00b6081b84eb1d\COMCTL32.dll
0x00007ff8cea40000 - 0x00007ff8ceb4b000 	C:\WINDOWS\System32\gdi32full.dll
0x00007ff8ce870000 - 0x00007ff8ce90d000 	C:\WINDOWS\System32\msvcp_win.dll
0x00007ff8d0c50000 - 0x00007ff8d0cee000 	C:\WINDOWS\System32\msvcrt.dll
0x00007ff8d0ab0000 - 0x00007ff8d0ae0000 	C:\WINDOWS\System32\IMM32.DLL
0x00007ff8c94a0000 - 0x00007ff8c94ac000 	C:\Program Files\Java\jdk-15.0.2\bin\vcruntime140_1.dll
0x00007ff8ad000000 - 0x00007ff8ad091000 	C:\Program Files\Java\jdk-15.0.2\bin\msvcp140.dll
0x00007ff87e0b0000 - 0x00007ff87ec0e000 	C:\Program Files\Java\jdk-15.0.2\bin\server\jvm.dll
0x00007ff8d0860000 - 0x00007ff8d090c000 	C:\WINDOWS\System32\ADVAPI32.dll
0x00007ff8cfc30000 - 0x00007ff8cfccb000 	C:\WINDOWS\System32\sechost.dll
0x00007ff8cfce0000 - 0x00007ff8cfe0b000 	C:\WINDOWS\System32\RPCRT4.dll
0x00007ff8cfcd0000 - 0x00007ff8cfcd8000 	C:\WINDOWS\System32\PSAPI.DLL
0x00007ff8b7650000 - 0x00007ff8b7659000 	C:\WINDOWS\SYSTEM32\WSOCK32.dll
0x00007ff8c2200000 - 0x00007ff8c2227000 	C:\WINDOWS\SYSTEM32\WINMM.dll
0x00007ff8d07f0000 - 0x00007ff8d085b000 	C:\WINDOWS\System32\WS2_32.dll
0x00007ff8c6ad0000 - 0x00007ff8c6ada000 	C:\WINDOWS\SYSTEM32\VERSION.dll
0x00007ff8cc760000 - 0x00007ff8cc772000 	C:\WINDOWS\SYSTEM32\kernel.appcore.dll
0x00007ff8c82c0000 - 0x00007ff8c82ca000 	C:\Program Files\Java\jdk-15.0.2\bin\jimage.dll
0x00007ff8c7c40000 - 0x00007ff8c7e24000 	C:\WINDOWS\SYSTEM32\DBGHELP.DLL
0x00007ff8c7b70000 - 0x00007ff8c7b9c000 	C:\WINDOWS\SYSTEM32\dbgcore.DLL
0x00007ff8ce9c0000 - 0x00007ff8cea40000 	C:\WINDOWS\System32\bcryptPrimitives.dll
0x00007ff8b1e60000 - 0x00007ff8b1e99000 	C:\Program Files\Java\jdk-15.0.2\bin\jdwp.dll
0x00007ff8c1c10000 - 0x00007ff8c1c1e000 	C:\Program Files\Java\jdk-15.0.2\bin\instrument.dll
0x00007ff8b04d0000 - 0x00007ff8b04f5000 	C:\Program Files\Java\jdk-15.0.2\bin\java.dll
0x00007ff8cf1b0000 - 0x00007ff8cf8f2000 	C:\WINDOWS\System32\SHELL32.dll
0x00007ff8cc960000 - 0x00007ff8cd0f0000 	C:\WINDOWS\SYSTEM32\windows.storage.dll
0x00007ff8cfe10000 - 0x00007ff8d0165000 	C:\WINDOWS\System32\combase.dll
0x00007ff8ce280000 - 0x00007ff8ce2ac000 	C:\WINDOWS\SYSTEM32\Wldp.dll
0x00007ff8cf9d0000 - 0x00007ff8cfa7e000 	C:\WINDOWS\System32\SHCORE.dll
0x00007ff8cf910000 - 0x00007ff8cf965000 	C:\WINDOWS\System32\shlwapi.dll
0x00007ff8ce750000 - 0x00007ff8ce76f000 	C:\WINDOWS\SYSTEM32\profapi.dll
0x00007ff8c1ab0000 - 0x00007ff8c1abb000 	C:\Program Files\Java\jdk-15.0.2\bin\dt_socket.dll
0x00007ff8cdc90000 - 0x00007ff8cdccb000 	C:\WINDOWS\SYSTEM32\IPHLPAPI.DLL
0x00007ff8cdff0000 - 0x00007ff8ce05a000 	C:\WINDOWS\system32\mswsock.dll
0x00007ff8cdce0000 - 0x00007ff8cddac000 	C:\WINDOWS\SYSTEM32\DNSAPI.dll
0x00007ff8cf900000 - 0x00007ff8cf908000 	C:\WINDOWS\System32\NSI.dll
0x00007ff8c64e0000 - 0x00007ff8c64ea000 	C:\Windows\System32\rasadhlp.dll
0x00007ff8c56a0000 - 0x00007ff8c571f000 	C:\WINDOWS\System32\fwpuclnt.dll
0x00007ff8cf080000 - 0x00007ff8cf0a7000 	C:\WINDOWS\System32\bcrypt.dll
0x00007ff8b9570000 - 0x00007ff8b9588000 	C:\Program Files\Java\jdk-15.0.2\bin\zip.dll
0x00007ff8b77f0000 - 0x00007ff8b7809000 	C:\Program Files\Java\jdk-15.0.2\bin\net.dll
0x00007ff8c5720000 - 0x00007ff8c582b000 	C:\WINDOWS\SYSTEM32\WINHTTP.dll
0x00007ff8aec70000 - 0x00007ff8aec82000 	C:\Program Files\Java\jdk-15.0.2\bin\nio.dll
0x00007ff8c1860000 - 0x00007ff8c1870000 	C:\Program Files\Java\jdk-15.0.2\bin\verify.dll

dbghelp: loaded successfully - version: 4.0.5 - missing functions: none
symbol engine: initialized successfully - sym options: 0x614 - pdb path: .;C:\Program Files\Java\jdk-15.0.2\bin;C:\WINDOWS\SYSTEM32;C:\WINDOWS\WinSxS\amd64_microsoft.windows.common-controls_6595b64144ccf1df_6.0.19041.844_none_ca00b6081b84eb1d;C:\Program Files\Java\jdk-15.0.2\bin\server

VM Arguments:
jvm_args: -XX:+ShowCodeDetailsInExceptionMessages -agentlib:jdwp=transport=dt_socket,suspend=y,address=localhost:64360 -javaagent:C:\Users\ahin9\.eclipse\org.eclipse.platform_4.18.0_1709980481_win32_win32_x86_64\configuration\org.eclipse.osgi\405\0\.cp\lib\javaagent-shaded.jar -Dfile.encoding=UTF-8 
java_command: kr.ac.sejong.lecture.database.assignment45.App
java_class_path (initial): C:\Users\ahin9\eclipse-workspace\java_DBassignment\target\classes
Launcher Type: SUN_STANDARD

[Global flags]
     intx CICompilerCount                          = 4                                         {product} {ergonomic}
     uint ConcGCThreads                            = 2                                         {product} {ergonomic}
     uint G1ConcRefinementThreads                  = 8                                         {product} {ergonomic}
   size_t G1HeapRegionSize                         = 1048576                                   {product} {ergonomic}
    uintx GCDrainStackTargetSize                   = 64                                        {product} {ergonomic}
   size_t InitialHeapSize                          = 132120576                                 {product} {ergonomic}
   size_t MarkStackSize                            = 4194304                                   {product} {ergonomic}
   size_t MaxHeapSize                              = 2111832064                                {product} {ergonomic}
   size_t MaxNewSize                               = 1266679808                                {product} {ergonomic}
   size_t MinHeapDeltaBytes                        = 1048576                                   {product} {ergonomic}
   size_t MinHeapSize                              = 8388608                                   {product} {ergonomic}
    uintx NonNMethodCodeHeapSize                   = 5839372                                {pd product} {ergonomic}
    uintx NonProfiledCodeHeapSize                  = 122909434                              {pd product} {ergonomic}
    uintx ProfiledCodeHeapSize                     = 122909434                              {pd product} {ergonomic}
    uintx ReservedCodeCacheSize                    = 251658240                              {pd product} {ergonomic}
     bool SegmentedCodeCache                       = true                                      {product} {ergonomic}
     bool ShowCodeDetailsInExceptionMessages       = true                                   {manageable} {command line}
   size_t SoftMaxHeapSize                          = 2111832064                             {manageable} {ergonomic}
     bool UseCompressedClassPointers               = true                                 {lp64_product} {ergonomic}
     bool UseCompressedOops                        = true                                 {lp64_product} {ergonomic}
     bool UseG1GC                                  = true                                      {product} {ergonomic}
     bool UseLargePagesIndividualAllocation        = false                                  {pd product} {ergonomic}

Logging:
Log output configuration:
 #0: stdout all=warning uptime,level,tags
 #1: stderr all=off uptime,level,tags

Environment Variables:
PATH=C:/Program Files/eclipse//plugins/org.eclipse.justj.openjdk.hotspot.jre.full.win32.x86_64_15.0.1.v20201027-0507/jre/bin/server;C:/Program Files/eclipse//plugins/org.eclipse.justj.openjdk.hotspot.jre.full.win32.x86_64_15.0.1.v20201027-0507/jre/bin;C:\Program Files (x86)\Intel\Intel(R) Management Engine Components\iCLS\;C:\Program Files\Intel\Intel(R) Management Engine Components\iCLS\;C:\WINDOWS\system32;C:\WINDOWS;C:\WINDOWS\System32\Wbem;C:\WINDOWS\System32\WindowsPowerShell\v1.0\;C:\WINDOWS\System32\OpenSSH\;C:\Program Files\Intel\WiFi\bin\;C:\Program Files\Common Files\Intel\WirelessCommon\;C:\Program Files (x86)\Intel\Intel(R) Management Engine Components\DAL;C:\Program Files\Intel\Intel(R) Management Engine Components\DAL;C:\Program Files\Java\jdk-15.0.2\bin;C:\Program Files\Git\cmd;C:\Python38\Scripts\;C:\Python38\;C:\Users\ahin9\AppData\Local\Microsoft\WindowsApps;C:\Program Files\Java\jdk-12.0.2\bin;;C:\Users\ahin9\Desktop\Microsoft VS Code\bin;C:\Program Files\eclipse;
USERNAME=ahin9
OS=Windows_NT
PROCESSOR_IDENTIFIER=Intel64 Family 6 Model 142 Stepping 11, GenuineIntel



---------------  S Y S T E M  ---------------

OS:
 Windows 10 , 64 bit Build 19041 (10.0.19041.928)
OS uptime: 13 days 3:24 hours

CPU: total 8 (initial active 8) (4 cores per cpu, 2 threads per core) family 6 model 142 stepping 11 microcode 0xae, cmov, cx8, fxsr, mmx, sse, sse2, sse3, ssse3, sse4.1, sse4.2, popcnt, vzeroupper, avx, avx2, aes, clmul, erms, 3dnowpref, lzcnt, ht, tsc, tscinvbit, bmi1, bmi2, adx, fma, clflush, clflushopt

Memory: 4k page, system-wide physical 8051M (2130M free)
TotalPageFile size 14963M (AvailPageFile size 2222M)
current process WorkingSet (physical memory assigned to process): 35M, peak: 44M
current process commit charge ("private bytes"): 213M, peak: 216M

vm_info: OpenJDK 64-Bit Server VM (15.0.2+7-27) for windows-amd64 JRE (15.0.2+7-27), built on Dec  7 2020 20:02:38 by "mach5one" with unknown MS VC++:1925

END.
